[debug] [2023-11-29T16:17:48.986Z] ----------------------------------------------------------------------
[debug] [2023-11-29T16:17:48.987Z] Command:       C:\Program Files\nodejs\node.exe C:\Users\Ansi\AppData\Roaming\npm\node_modules\firebase-tools\lib\bin\firebase.js init
[debug] [2023-11-29T16:17:48.988Z] CLI Version:   12.7.0
[debug] [2023-11-29T16:17:48.988Z] Platform:      win32
[debug] [2023-11-29T16:17:48.988Z] Node Version:  v18.18.2
[debug] [2023-11-29T16:17:48.988Z] Time:          Wed Nov 29 2023 19:17:48 GMT+0300 (Arabian Standard Time)
[debug] [2023-11-29T16:17:48.989Z] ----------------------------------------------------------------------
[debug] 
[debug] [2023-11-29T16:17:49.000Z] >>> [apiv2][query] GET https://firebase-public.firebaseio.com/cli.json [none]
[debug] [2023-11-29T16:17:49.024Z] > command requires scopes: ["email","openid","https://www.googleapis.com/auth/cloudplatformprojects.readonly","https://www.googleapis.com/auth/firebase","https://www.googleapis.com/auth/cloud-platform"]
[debug] [2023-11-29T16:17:49.025Z] > authorizing via signed-in user (mushta9.3@gmail.com)
[info] 
     ######## #### ########  ######## ########     ###     ######  ########
     ##        ##  ##     ## ##       ##     ##  ##   ##  ##       ##
     ######    ##  ########  ######   ########  #########  ######  ######
     ##        ##  ##    ##  ##       ##     ## ##     ##       ## ##
     ##       #### ##     ## ######## ########  ##     ##  ######  ########

You're about to initialize a Firebase project in this directory:

  D:\ProgrammingFolder\YKB\BAS-SDK-JAVASCRIPT\paytm

[debug] [2023-11-29T16:17:49.898Z] <<< [apiv2][status] GET https://firebase-public.firebaseio.com/cli.json 200
[debug] [2023-11-29T16:17:49.898Z] <<< [apiv2][body] GET https://firebase-public.firebaseio.com/cli.json {"cloudBuildErrorAfter":1594252800000,"cloudBuildWarnAfter":1590019200000,"defaultNode10After":1594252800000,"minVersion":"3.0.5","node8DeploysDisabledAfter":1613390400000,"node8RuntimeDisabledAfter":1615809600000,"node8WarnAfter":1600128000000}
[info] 
=== Project Setup
[info] 
[info] First, let's associate this project directory with a Firebase project.
[info] You can create multiple project aliases by running firebase use --add, 
[info] but for now we'll just set up a default project.
[info] 
[info] i  If you want to create a project in a Google Cloud organization or folder, please use "firebase projects:create" instead, and return to this command when you've created the project. 
[debug] [2023-11-29T16:18:36.822Z] > refreshing access token with scopes: []
[debug] [2023-11-29T16:18:36.822Z] >>> [apiv2][query] POST https://www.googleapis.com/oauth2/v3/token [none]
[debug] [2023-11-29T16:18:36.822Z] >>> [apiv2][body] POST https://www.googleapis.com/oauth2/v3/token [omitted]
[debug] [2023-11-29T16:18:37.258Z] <<< [apiv2][status] POST https://www.googleapis.com/oauth2/v3/token 200
[debug] [2023-11-29T16:18:37.258Z] <<< [apiv2][body] POST https://www.googleapis.com/oauth2/v3/token [omitted]
[debug] [2023-11-29T16:18:37.283Z] >>> [apiv2][query] POST https://cloudresourcemanager.googleapis.com/v1/projects [none]
[debug] [2023-11-29T16:18:37.283Z] >>> [apiv2][body] POST https://cloudresourcemanager.googleapis.com/v1/projects {"projectId":"basnodesdk","name":"basnodesdk"}
[debug] [2023-11-29T16:18:39.059Z] <<< [apiv2][status] POST https://cloudresourcemanager.googleapis.com/v1/projects 200
[debug] [2023-11-29T16:18:39.059Z] <<< [apiv2][body] POST https://cloudresourcemanager.googleapis.com/v1/projects {"name":"operations/cp.7682043936499460074"}
[debug] [2023-11-29T16:18:39.060Z] >>> [apiv2][query] GET https://cloudresourcemanager.googleapis.com/v1/operations/cp.7682043936499460074 [none]
[debug] [2023-11-29T16:18:41.051Z] <<< [apiv2][status] GET https://cloudresourcemanager.googleapis.com/v1/operations/cp.7682043936499460074 200
[debug] [2023-11-29T16:18:41.051Z] <<< [apiv2][body] GET https://cloudresourcemanager.googleapis.com/v1/operations/cp.7682043936499460074 {"name":"operations/cp.7682043936499460074"}
[debug] [2023-11-29T16:18:41.553Z] [Project Creation Poller] Retrying task index 0
[debug] [2023-11-29T16:18:41.554Z] >>> [apiv2][query] GET https://cloudresourcemanager.googleapis.com/v1/operations/cp.7682043936499460074 [none]
[debug] [2023-11-29T16:18:43.298Z] <<< [apiv2][status] GET https://cloudresourcemanager.googleapis.com/v1/operations/cp.7682043936499460074 200
[debug] [2023-11-29T16:18:43.298Z] <<< [apiv2][body] GET https://cloudresourcemanager.googleapis.com/v1/operations/cp.7682043936499460074 {"name":"operations/cp.7682043936499460074","metadata":{"@type":"type.googleapis.com/google.cloudresourcemanager.v1.ProjectCreationStatus","gettable":true,"ready":true},"done":true,"response":{"@type":"type.googleapis.com/google.cloudresourcemanager.v1.Project","projectNumber":"880120100498","projectId":"basnodesdk","lifecycleState":"ACTIVE","name":"basnodesdk","createTime":"2023-11-29T16:18:39.663Z"}}
[debug] [2023-11-29T16:18:43.299Z] >>> [apiv2][query] POST https://firebase.googleapis.com/v1beta1/projects/basnodesdk:addFirebase [none]
[debug] [2023-11-29T16:18:47.067Z] <<< [apiv2][status] POST https://firebase.googleapis.com/v1beta1/projects/basnodesdk:addFirebase 200
[debug] [2023-11-29T16:18:47.068Z] <<< [apiv2][body] POST https://firebase.googleapis.com/v1beta1/projects/basnodesdk:addFirebase {"name":"operations/workflows/NGMwODA5NzAtNTVkYy00Yjk0LThjNDktYjAzOTYwZGI4M2Qx"}
[debug] [2023-11-29T16:18:47.068Z] >>> [apiv2][query] GET https://firebase.googleapis.com/v1beta1/operations/workflows/NGMwODA5NzAtNTVkYy00Yjk0LThjNDktYjAzOTYwZGI4M2Qx [none]
[debug] [2023-11-29T16:18:48.130Z] <<< [apiv2][status] GET https://firebase.googleapis.com/v1beta1/operations/workflows/NGMwODA5NzAtNTVkYy00Yjk0LThjNDktYjAzOTYwZGI4M2Qx 200
[debug] [2023-11-29T16:18:48.130Z] <<< [apiv2][body] GET https://firebase.googleapis.com/v1beta1/operations/workflows/NGMwODA5NzAtNTVkYy00Yjk0LThjNDktYjAzOTYwZGI4M2Qx {"name":"operations/workflows/NGMwODA5NzAtNTVkYy00Yjk0LThjNDktYjAzOTYwZGI4M2Qx"}
[debug] [2023-11-29T16:18:48.633Z] [Add Firebase Poller] Retrying task index 0
[debug] [2023-11-29T16:18:48.633Z] >>> [apiv2][query] GET https://firebase.googleapis.com/v1beta1/operations/workflows/NGMwODA5NzAtNTVkYy00Yjk0LThjNDktYjAzOTYwZGI4M2Qx [none]
[debug] [2023-11-29T16:18:49.446Z] <<< [apiv2][status] GET https://firebase.googleapis.com/v1beta1/operations/workflows/NGMwODA5NzAtNTVkYy00Yjk0LThjNDktYjAzOTYwZGI4M2Qx 200
[debug] [2023-11-29T16:18:49.446Z] <<< [apiv2][body] GET https://firebase.googleapis.com/v1beta1/operations/workflows/NGMwODA5NzAtNTVkYy00Yjk0LThjNDktYjAzOTYwZGI4M2Qx {"name":"operations/workflows/NGMwODA5NzAtNTVkYy00Yjk0LThjNDktYjAzOTYwZGI4M2Qx"}
[debug] [2023-11-29T16:18:50.462Z] [Add Firebase Poller] Retrying task index 0
[debug] [2023-11-29T16:18:50.463Z] >>> [apiv2][query] GET https://firebase.googleapis.com/v1beta1/operations/workflows/NGMwODA5NzAtNTVkYy00Yjk0LThjNDktYjAzOTYwZGI4M2Qx [none]
[debug] [2023-11-29T16:18:51.613Z] <<< [apiv2][status] GET https://firebase.googleapis.com/v1beta1/operations/workflows/NGMwODA5NzAtNTVkYy00Yjk0LThjNDktYjAzOTYwZGI4M2Qx 200
[debug] [2023-11-29T16:18:51.613Z] <<< [apiv2][body] GET https://firebase.googleapis.com/v1beta1/operations/workflows/NGMwODA5NzAtNTVkYy00Yjk0LThjNDktYjAzOTYwZGI4M2Qx {"name":"operations/workflows/NGMwODA5NzAtNTVkYy00Yjk0LThjNDktYjAzOTYwZGI4M2Qx"}
[debug] [2023-11-29T16:18:53.634Z] [Add Firebase Poller] Retrying task index 0
[debug] [2023-11-29T16:18:53.635Z] >>> [apiv2][query] GET https://firebase.googleapis.com/v1beta1/operations/workflows/NGMwODA5NzAtNTVkYy00Yjk0LThjNDktYjAzOTYwZGI4M2Qx [none]
[debug] [2023-11-29T16:18:54.676Z] <<< [apiv2][status] GET https://firebase.googleapis.com/v1beta1/operations/workflows/NGMwODA5NzAtNTVkYy00Yjk0LThjNDktYjAzOTYwZGI4M2Qx 200
[debug] [2023-11-29T16:18:54.676Z] <<< [apiv2][body] GET https://firebase.googleapis.com/v1beta1/operations/workflows/NGMwODA5NzAtNTVkYy00Yjk0LThjNDktYjAzOTYwZGI4M2Qx {"name":"operations/workflows/NGMwODA5NzAtNTVkYy00Yjk0LThjNDktYjAzOTYwZGI4M2Qx"}
[debug] [2023-11-29T16:18:58.686Z] [Add Firebase Poller] Retrying task index 0
[debug] [2023-11-29T16:18:58.687Z] >>> [apiv2][query] GET https://firebase.googleapis.com/v1beta1/operations/workflows/NGMwODA5NzAtNTVkYy00Yjk0LThjNDktYjAzOTYwZGI4M2Qx [none]
[debug] [2023-11-29T16:18:59.574Z] <<< [apiv2][status] GET https://firebase.googleapis.com/v1beta1/operations/workflows/NGMwODA5NzAtNTVkYy00Yjk0LThjNDktYjAzOTYwZGI4M2Qx 200
[debug] [2023-11-29T16:18:59.574Z] <<< [apiv2][body] GET https://firebase.googleapis.com/v1beta1/operations/workflows/NGMwODA5NzAtNTVkYy00Yjk0LThjNDktYjAzOTYwZGI4M2Qx {"name":"operations/workflows/NGMwODA5NzAtNTVkYy00Yjk0LThjNDktYjAzOTYwZGI4M2Qx","done":true,"response":{"@type":"type.googleapis.com/google.firebase.service.v1beta1.FirebaseProject","projectId":"basnodesdk","projectNumber":"880120100498","displayName":"basnodesdk","name":"projects/basnodesdk","resources":{"hostingSite":"basnodesdk"}}}
[info] 
[info] === Your Firebase project is ready! ===
[info] 
[info] Project information:
[info]    - Project ID: basnodesdk
[info]    - Project Name: basnodesdk
[info] 
[info] Firebase console is available at
[info] https://console.firebase.google.com/project/basnodesdk/overview
[info] i  Using project basnodesdk (basnodesdk) 
[info] 
=== Hosting Setup
[info] 
[info] Your public directory is the folder (relative to your project directory) that
[info] will contain Hosting assets to be uploaded with firebase deploy. If you
[info] have a build process for your assets, use your build's output directory.
[info] 
[info] +  Wrote ./404.html 
[debug] [2023-11-29T16:19:25.919Z] >>> [apiv2][query] GET https://www.gstatic.com/firebasejs/releases.json [none]
[debug] [2023-11-29T16:19:26.230Z] <<< [apiv2][status] GET https://www.gstatic.com/firebasejs/releases.json 200
[debug] [2023-11-29T16:19:26.230Z] <<< [apiv2][body] GET https://www.gstatic.com/firebasejs/releases.json {"current":{"version":"10.7.0","browserURL":"https://www.gstatic.com/firebasejs/10.7.0/firebase.js","packageURL":"https://www.gstatic.com/firebasejs/10.7.0/firebase.tgz"},"live":{"version":"10.7","browserURL":"https://www.gstatic.com/firebasejs/live/10.7/firebase.js","packageURL":"https://www.gstatic.com/firebasejs/live/10.7/firebase.tgz"},"components":{"analytics":"https://www.gstatic.com/firebasejs/10.7.0/firebase-analytics.js","app":"https://www.gstatic.com/firebasejs/10.7.0/firebase-app.js","app-check":"https://www.gstatic.com/firebasejs/10.7.0/firebase-app-check.js","auth":"https://www.gstatic.com/firebasejs/10.7.0/firebase-auth.js","auth/cordova":"https://www.gstatic.com/firebasejs/10.7.0/firebase-auth/cordova.js","functions":"https://www.gstatic.com/firebasejs/10.7.0/firebase-functions.js","firestore":"https://www.gstatic.com/firebasejs/10.7.0/firebase-firestore.js","firestore/lite":"https://www.gstatic.com/firebasejs/10.7.0/firebase-firestore/lite.js","installations":"https://www.gstatic.com/firebasejs/10.7.0/firebase-installations.js","storage":"https://www.gstatic.com/firebasejs/10.7.0/firebase-storage.js","performance":"https://www.gstatic.com/firebasejs/10.7.0/firebase-performance.js","remote-config":"https://www.gstatic.com/firebasejs/10.7.0/firebase-remote-config.js","messaging":"https://www.gstatic.com/firebasejs/10.7.0/firebase-messaging.js","messaging/sw":"https://www.gstatic.com/firebasejs/10.7.0/firebase-messaging/sw.js","database":"https://www.gstatic.com/firebasejs/10.7.0/firebase-database.js","firestore.memory":"https://www.gstatic.com/firebasejs/10.7.0/firebase-firestore.memory.js"}}
[info] i  Skipping write of ./index.html 
[info] 
[info] i  Detected a .git folder at D:\ProgrammingFolder\YKB\BAS-SDK-JAVASCRIPT\paytm 
[info] i  Authorizing with GitHub to upload your service account to a GitHub repository's secrets store. 
[info] 
[info] Visit this URL on this device to log in:
[info] https://github.com/login/oauth/authorize?client_id=89cf50f02ac6aaed3484&state=604557680&redirect_uri=http%3A%2F%2Flocalhost%3A9005&scope=read%3Auser%20repo%20public_repo
[info] 
[info] Waiting for authentication...
[debug] [2023-11-29T16:19:36.573Z] >>> [apiv2][query] POST https://github.com/login/oauth/access_token [none]
[debug] [2023-11-29T16:19:36.574Z] >>> [apiv2][body] POST https://github.com/login/oauth/access_token [stream]
[debug] [2023-11-29T16:19:38.103Z] <<< [apiv2][status] POST https://github.com/login/oauth/access_token 200
[debug] [2023-11-29T16:19:38.103Z] <<< [apiv2][body] POST https://github.com/login/oauth/access_token {"access_token":"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","token_type":"bearer","scope":"read:user,repo"}
[debug] [2023-11-29T16:19:38.113Z] >>> [apiv2][query] GET https://api.github.com/user [none]
[debug] [2023-11-29T16:19:39.545Z] <<< [apiv2][status] GET https://api.github.com/user 200
[debug] [2023-11-29T16:19:39.545Z] <<< [apiv2][body] GET https://api.github.com/user {"login":"ansiabdo","id":5712315,"node_id":"MDQ6VXNlcjU3MTIzMTU=","avatar_url":"https://avatars.githubusercontent.com/u/5712315?v=4","gravatar_id":"","url":"https://api.github.com/users/ansiabdo","html_url":"https://github.com/ansiabdo","followers_url":"https://api.github.com/users/ansiabdo/followers","following_url":"https://api.github.com/users/ansiabdo/following{/other_user}","gists_url":"https://api.github.com/users/ansiabdo/gists{/gist_id}","starred_url":"https://api.github.com/users/ansiabdo/starred{/owner}{/repo}","subscriptions_url":"https://api.github.com/users/ansiabdo/subscriptions","organizations_url":"https://api.github.com/users/ansiabdo/orgs","repos_url":"https://api.github.com/users/ansiabdo/repos","events_url":"https://api.github.com/users/ansiabdo/events{/privacy}","received_events_url":"https://api.github.com/users/ansiabdo/received_events","type":"User","site_admin":false,"name":null,"company":null,"blog":"","location":null,"email":null,"hireable":null,"bio":null,"twitter_username":null,"public_repos":295,"public_gists":2,"followers":12,"following":123,"created_at":"2013-10-17T18:48:02Z","updated_at":"2023-10-26T17:00:36Z","private_gists":0,"total_private_repos":64,"owned_private_repos":63,"disk_usage":1417725,"collaborators":7,"two_factor_authentication":true,"plan":{"name":"free","space":976562499,"collaborators":0,"private_repos":10000}}
[info] 
[info] +  Success! Logged into GitHub as ansiabdo 
[info] 
